Flow report for multiplicador_software
Fri Mar 11 14:09:51 2022
Quartus II 64-Bit Version 13.0.1 Build 232 06/12/2013 Service Pack 1 SJ Web Edition


---------------------
; Table of Contents ;
---------------------
  1. Legal Notice
  2. Flow Summary
  3. Flow Settings
  4. Flow Non-Default Global Settings
  5. Flow Elapsed Time
  6. Flow OS Summary
  7. Flow Log
  8. Flow Messages
  9. Flow Suppressed Messages



----------------
; Legal Notice ;
----------------
Copyright (C) 1991-2013 Altera Corporation
Your use of Altera Corporation's design tools, logic functions 
and other software and tools, and its AMPP partner logic 
functions, and any output files from any of the foregoing 
(including device programming or simulation files), and any 
associated documentation or information are expressly subject 
to the terms and conditions of the Altera Program License 
Subscription Agreement, Altera MegaCore Function License 
Agreement, or other applicable license agreement, including, 
without limitation, that your use is for the sole purpose of 
programming logic devices manufactured by Altera and sold by 
Altera or its authorized distributors.  Please refer to the 
applicable agreement for further details.



+--------------------------------------------------------------------------------------+
; Flow Summary                                                                         ;
+------------------------------------+-------------------------------------------------+
; Flow Status                        ; Successful - Fri Mar 11 14:09:51 2022           ;
; Quartus II 64-Bit Version          ; 13.0.1 Build 232 06/12/2013 SP 1 SJ Web Edition ;
; Revision Name                      ; multiplicador_software                          ;
; Top-level Entity Name              ; multiplicador_software                          ;
; Family                             ; Cyclone III                                     ;
; Device                             ; EP3C25F324C6                                    ;
; Timing Models                      ; Final                                           ;
; Total logic elements               ; 1,679 / 24,624 ( 7 % )                          ;
;     Total combinational functions  ; 1,590 / 24,624 ( 6 % )                          ;
;     Dedicated logic registers      ; 899 / 24,624 ( 4 % )                            ;
; Total registers                    ; 899                                             ;
; Total pins                         ; 2 / 216 ( < 1 % )                               ;
; Total virtual pins                 ; 0                                               ;
; Total memory bits                  ; 338,944 / 608,256 ( 56 % )                      ;
; Embedded Multiplier 9-bit elements ; 0 / 132 ( 0 % )                                 ;
; Total PLLs                         ; 0 / 4 ( 0 % )                                   ;
+------------------------------------+-------------------------------------------------+


+--------------------------------------------+
; Flow Settings                              ;
+-------------------+------------------------+
; Option            ; Setting                ;
+-------------------+------------------------+
; Start date & time ; 03/11/2022 14:09:22    ;
; Main task         ; Compilation            ;
; Revision Name     ; multiplicador_software ;
+-------------------+------------------------+


+------------------------------------------------------------------------------------------------------------------------------------------------------------------+
; Flow Non-Default Global Settings                                                                                                                                 ;
+-------------------------------------+---------------------------------------------------------+---------------+---------------------------------+----------------+
; Assignment Name                     ; Value                                                   ; Default Value ; Entity Name                     ; Section Id     ;
+-------------------------------------+---------------------------------------------------------+---------------+---------------------------------+----------------+
; COMPILER_SIGNATURE_ID               ; 229335799482366.164701856204848                         ; --            ; --                              ; --             ;
; EDA_OUTPUT_DATA_FORMAT              ; Vhdl                                                    ; --            ; --                              ; eda_simulation ;
; EDA_SIMULATION_TOOL                 ; ModelSim-Altera (VHDL)                                  ; <None>        ; --                              ; --             ;
; IP_TOOL_ENV                         ; Qsys                                                    ; --            ; MySoc                           ; --             ;
; IP_TOOL_ENV                         ; Qsys                                                    ; --            ; MySoc_addr_router               ; --             ;
; IP_TOOL_ENV                         ; Qsys                                                    ; --            ; MySoc_cmd_xbar_demux            ; --             ;
; IP_TOOL_ENV                         ; Qsys                                                    ; --            ; MySoc_cmd_xbar_mux              ; --             ;
; IP_TOOL_ENV                         ; Qsys                                                    ; --            ; MySoc_id_router                 ; --             ;
; IP_TOOL_ENV                         ; Qsys                                                    ; --            ; MySoc_irq_mapper                ; --             ;
; IP_TOOL_ENV                         ; Qsys                                                    ; --            ; MySoc_jtag                      ; --             ;
; IP_TOOL_ENV                         ; Qsys                                                    ; --            ; MySoc_nios                      ; --             ;
; IP_TOOL_ENV                         ; Qsys                                                    ; --            ; MySoc_ram                       ; --             ;
; IP_TOOL_ENV                         ; Qsys                                                    ; --            ; MySoc_rsp_xbar_demux            ; --             ;
; IP_TOOL_ENV                         ; Qsys                                                    ; --            ; MySoc_rsp_xbar_mux              ; --             ;
; IP_TOOL_ENV                         ; Qsys                                                    ; --            ; MySoc_sysid                     ; --             ;
; IP_TOOL_ENV                         ; Qsys                                                    ; --            ; altera_avalon_sc_fifo           ; --             ;
; IP_TOOL_ENV                         ; Qsys                                                    ; --            ; altera_merlin_master_agent      ; --             ;
; IP_TOOL_ENV                         ; Qsys                                                    ; --            ; altera_merlin_master_translator ; --             ;
; IP_TOOL_ENV                         ; Qsys                                                    ; --            ; altera_merlin_slave_agent       ; --             ;
; IP_TOOL_ENV                         ; Qsys                                                    ; --            ; altera_merlin_slave_translator  ; --             ;
; IP_TOOL_ENV                         ; Qsys                                                    ; --            ; altera_reset_controller         ; --             ;
; IP_TOOL_NAME                        ; Qsys                                                    ; --            ; MySoc                           ; --             ;
; IP_TOOL_NAME                        ; altera_merlin_router                                    ; --            ; MySoc_addr_router               ; --             ;
; IP_TOOL_NAME                        ; altera_merlin_demultiplexer                             ; --            ; MySoc_cmd_xbar_demux            ; --             ;
; IP_TOOL_NAME                        ; altera_merlin_multiplexer                               ; --            ; MySoc_cmd_xbar_mux              ; --             ;
; IP_TOOL_NAME                        ; altera_merlin_router                                    ; --            ; MySoc_id_router                 ; --             ;
; IP_TOOL_NAME                        ; altera_irq_mapper                                       ; --            ; MySoc_irq_mapper                ; --             ;
; IP_TOOL_NAME                        ; altera_avalon_jtag_uart                                 ; --            ; MySoc_jtag                      ; --             ;
; IP_TOOL_NAME                        ; altera_nios2_qsys                                       ; --            ; MySoc_nios                      ; --             ;
; IP_TOOL_NAME                        ; altera_avalon_onchip_memory2                            ; --            ; MySoc_ram                       ; --             ;
; IP_TOOL_NAME                        ; altera_merlin_demultiplexer                             ; --            ; MySoc_rsp_xbar_demux            ; --             ;
; IP_TOOL_NAME                        ; altera_merlin_multiplexer                               ; --            ; MySoc_rsp_xbar_mux              ; --             ;
; IP_TOOL_NAME                        ; altera_avalon_sysid_qsys                                ; --            ; MySoc_sysid                     ; --             ;
; IP_TOOL_NAME                        ; altera_avalon_sc_fifo                                   ; --            ; altera_avalon_sc_fifo           ; --             ;
; IP_TOOL_NAME                        ; altera_merlin_master_agent                              ; --            ; altera_merlin_master_agent      ; --             ;
; IP_TOOL_NAME                        ; altera_merlin_master_translator                         ; --            ; altera_merlin_master_translator ; --             ;
; IP_TOOL_NAME                        ; altera_merlin_slave_agent                               ; --            ; altera_merlin_slave_agent       ; --             ;
; IP_TOOL_NAME                        ; altera_merlin_slave_translator                          ; --            ; altera_merlin_slave_translator  ; --             ;
; IP_TOOL_NAME                        ; altera_reset_controller                                 ; --            ; altera_reset_controller         ; --             ;
; IP_TOOL_VERSION                     ; 13.0sp1                                                 ; --            ; MySoc                           ; --             ;
; IP_TOOL_VERSION                     ; 13.0                                                    ; --            ; MySoc_addr_router               ; --             ;
; IP_TOOL_VERSION                     ; 13.0                                                    ; --            ; MySoc_cmd_xbar_demux            ; --             ;
; IP_TOOL_VERSION                     ; 13.0                                                    ; --            ; MySoc_cmd_xbar_mux              ; --             ;
; IP_TOOL_VERSION                     ; 13.0                                                    ; --            ; MySoc_id_router                 ; --             ;
; IP_TOOL_VERSION                     ; 13.0                                                    ; --            ; MySoc_irq_mapper                ; --             ;
; IP_TOOL_VERSION                     ; 13.0.1.99.2                                             ; --            ; MySoc_jtag                      ; --             ;
; IP_TOOL_VERSION                     ; 13.0                                                    ; --            ; MySoc_nios                      ; --             ;
; IP_TOOL_VERSION                     ; 13.0.1.99.2                                             ; --            ; MySoc_ram                       ; --             ;
; IP_TOOL_VERSION                     ; 13.0                                                    ; --            ; MySoc_rsp_xbar_demux            ; --             ;
; IP_TOOL_VERSION                     ; 13.0                                                    ; --            ; MySoc_rsp_xbar_mux              ; --             ;
; IP_TOOL_VERSION                     ; 13.0                                                    ; --            ; MySoc_sysid                     ; --             ;
; IP_TOOL_VERSION                     ; 13.0                                                    ; --            ; altera_avalon_sc_fifo           ; --             ;
; IP_TOOL_VERSION                     ; 13.0                                                    ; --            ; altera_merlin_master_agent      ; --             ;
; IP_TOOL_VERSION                     ; 13.0                                                    ; --            ; altera_merlin_master_translator ; --             ;
; IP_TOOL_VERSION                     ; 13.0                                                    ; --            ; altera_merlin_slave_agent       ; --             ;
; IP_TOOL_VERSION                     ; 13.0                                                    ; --            ; altera_merlin_slave_translator  ; --             ;
; IP_TOOL_VERSION                     ; 13.0                                                    ; --            ; altera_reset_controller         ; --             ;
; MAX_CORE_JUNCTION_TEMP              ; 85                                                      ; --            ; --                              ; --             ;
; MIN_CORE_JUNCTION_TEMP              ; 0                                                       ; --            ; --                              ; --             ;
; MISC_FILE                           ; MySoc/synthesis/../../MySoc.cmp                         ; --            ; --                              ; --             ;
; MISC_FILE                           ; MySoc/synthesis/../../MySoc.qsys                        ; --            ; --                              ; --             ;
; NOMINAL_CORE_SUPPLY_VOLTAGE         ; 1.2V                                                    ; --            ; --                              ; --             ;
; PARTITION_COLOR                     ; 16764057                                                ; --            ; --                              ; Top            ;
; PARTITION_FITTER_PRESERVATION_LEVEL ; PLACEMENT_AND_ROUTING                                   ; --            ; --                              ; Top            ;
; PARTITION_NETLIST_TYPE              ; SOURCE                                                  ; --            ; --                              ; Top            ;
; PROJECT_OUTPUT_DIRECTORY            ; output_files                                            ; --            ; --                              ; --             ;
; SLD_INFO                            ; QSYS_NAME MySoc HAS_SOPCINFO 1 GENERATION_ID 1647018338 ; --            ; MySoc                           ; --             ;
; SOPCINFO_FILE                       ; MySoc/synthesis/../../MySoc.sopcinfo                    ; --            ; --                              ; --             ;
; SYNTHESIS_ONLY_QIP                  ; On                                                      ; --            ; --                              ; --             ;
+-------------------------------------+---------------------------------------------------------+---------------+---------------------------------+----------------+


+-------------------------------------------------------------------------------------------------------------------------------+
; Flow Elapsed Time                                                                                                             ;
+---------------------------+--------------+-------------------------+---------------------+------------------------------------+
; Module Name               ; Elapsed Time ; Average Processors Used ; Peak Virtual Memory ; Total CPU Time (on all processors) ;
+---------------------------+--------------+-------------------------+---------------------+------------------------------------+
; Analysis & Synthesis      ; 00:00:08     ; 1.0                     ; 4705 MB             ; 00:00:08                           ;
; Fitter                    ; 00:00:09     ; 1.0                     ; 4933 MB             ; 00:00:09                           ;
; Assembler                 ; 00:00:01     ; 1.0                     ; 4566 MB             ; 00:00:01                           ;
; TimeQuest Timing Analyzer ; 00:00:03     ; 1.0                     ; 4618 MB             ; 00:00:02                           ;
; EDA Netlist Writer        ; 00:00:02     ; 1.0                     ; 4542 MB             ; 00:00:02                           ;
; Total                     ; 00:00:23     ; --                      ; --                  ; 00:00:22                           ;
+---------------------------+--------------+-------------------------+---------------------+------------------------------------+


+----------------------------------------------------------------------------------------+
; Flow OS Summary                                                                        ;
+---------------------------+------------------+-----------+------------+----------------+
; Module Name               ; Machine Hostname ; OS Name   ; OS Version ; Processor type ;
+---------------------------+------------------+-----------+------------+----------------+
; Analysis & Synthesis      ; U03L087          ; Windows 7 ; 6.2        ; x86_64         ;
; Fitter                    ; U03L087          ; Windows 7 ; 6.2        ; x86_64         ;
; Assembler                 ; U03L087          ; Windows 7 ; 6.2        ; x86_64         ;
; TimeQuest Timing Analyzer ; U03L087          ; Windows 7 ; 6.2        ; x86_64         ;
; EDA Netlist Writer        ; U03L087          ; Windows 7 ; 6.2        ; x86_64         ;
+---------------------------+------------------+-----------+------------+----------------+


------------
; Flow Log ;
------------
quartus_map --read_settings_files=on --write_settings_files=off multiplicador_software -c multiplicador_software
quartus_fit --read_settings_files=off --write_settings_files=off multiplicador_software -c multiplicador_software
quartus_asm --read_settings_files=off --write_settings_files=off multiplicador_software -c multiplicador_software
quartus_sta multiplicador_software -c multiplicador_software
quartus_eda --read_settings_files=off --write_settings_files=off multiplicador_software -c multiplicador_software



