Flow report for multiplicador
Fri Mar 11 22:13:35 2022
Quartus II 64-Bit Version 13.0.0 Build 156 04/24/2013 SJ Web Edition


---------------------
; Table of Contents ;
---------------------
  1. Legal Notice
  2. Flow Summary
  3. Flow Settings
  4. Flow Non-Default Global Settings
  5. Flow Elapsed Time
  6. Flow OS Summary
  7. Flow Log
  8. Flow Messages
  9. Flow Suppressed Messages



----------------
; Legal Notice ;
----------------
Copyright (C) 1991-2013 Altera Corporation
Your use of Altera Corporation's design tools, logic functions 
and other software and tools, and its AMPP partner logic 
functions, and any output files from any of the foregoing 
(including device programming or simulation files), and any 
associated documentation or information are expressly subject 
to the terms and conditions of the Altera Program License 
Subscription Agreement, Altera MegaCore Function License 
Agreement, or other applicable license agreement, including, 
without limitation, that your use is for the sole purpose of 
programming logic devices manufactured by Altera and sold by 
Altera or its authorized distributors.  Please refer to the 
applicable agreement for further details.



+---------------------------------------------------------------------------------+
; Flow Summary                                                                    ;
+------------------------------------+--------------------------------------------+
; Flow Status                        ; Successful - Fri Mar 11 22:13:35 2022      ;
; Quartus II 64-Bit Version          ; 13.0.0 Build 156 04/24/2013 SJ Web Edition ;
; Revision Name                      ; multiplicador                              ;
; Top-level Entity Name              ; Topo                                       ;
; Family                             ; Cyclone III                                ;
; Device                             ; EP3C25F324C6                               ;
; Timing Models                      ; Final                                      ;
; Total logic elements               ; 1,787 / 24,624 ( 7 % )                     ;
;     Total combinational functions  ; 1,688 / 24,624 ( 7 % )                     ;
;     Dedicated logic registers      ; 962 / 24,624 ( 4 % )                       ;
; Total registers                    ; 962                                        ;
; Total pins                         ; 2 / 216 ( < 1 % )                          ;
; Total virtual pins                 ; 0                                          ;
; Total memory bits                  ; 338,944 / 608,256 ( 56 % )                 ;
; Embedded Multiplier 9-bit elements ; 0 / 132 ( 0 % )                            ;
; Total PLLs                         ; 0 / 4 ( 0 % )                              ;
+------------------------------------+--------------------------------------------+


+-----------------------------------------+
; Flow Settings                           ;
+-------------------+---------------------+
; Option            ; Setting             ;
+-------------------+---------------------+
; Start date & time ; 03/11/2022 22:12:27 ;
; Main task         ; Compilation         ;
; Revision Name     ; multiplicador       ;
+-------------------+---------------------+


+------------------------------------------------------------------------------------------------------------------------------------------------------------------+
; Flow Non-Default Global Settings                                                                                                                                 ;
+-------------------------------------+---------------------------------------------------------+---------------+---------------------------------+----------------+
; Assignment Name                     ; Value                                                   ; Default Value ; Entity Name                     ; Section Id     ;
+-------------------------------------+---------------------------------------------------------+---------------+---------------------------------+----------------+
; COMPILER_SIGNATURE_ID               ; 8796751801701.164704754700808                           ; --            ; --                              ; --             ;
; EDA_OUTPUT_DATA_FORMAT              ; Vhdl                                                    ; --            ; --                              ; eda_simulation ;
; EDA_SIMULATION_TOOL                 ; ModelSim-Altera (VHDL)                                  ; <None>        ; --                              ; --             ;
; IP_TOOL_ENV                         ; Qsys                                                    ; --            ; MySoc                           ; --             ;
; IP_TOOL_ENV                         ; Qsys                                                    ; --            ; MySoc_addr_router               ; --             ;
; IP_TOOL_ENV                         ; Qsys                                                    ; --            ; MySoc_addr_router_001           ; --             ;
; IP_TOOL_ENV                         ; Qsys                                                    ; --            ; MySoc_cmd_xbar_demux            ; --             ;
; IP_TOOL_ENV                         ; Qsys                                                    ; --            ; MySoc_cmd_xbar_demux_001        ; --             ;
; IP_TOOL_ENV                         ; Qsys                                                    ; --            ; MySoc_cmd_xbar_mux              ; --             ;
; IP_TOOL_ENV                         ; Qsys                                                    ; --            ; MySoc_go                        ; --             ;
; IP_TOOL_ENV                         ; Qsys                                                    ; --            ; MySoc_id_router                 ; --             ;
; IP_TOOL_ENV                         ; Qsys                                                    ; --            ; MySoc_id_router_004             ; --             ;
; IP_TOOL_ENV                         ; Qsys                                                    ; --            ; MySoc_irq_mapper                ; --             ;
; IP_TOOL_ENV                         ; Qsys                                                    ; --            ; MySoc_jtag                      ; --             ;
; IP_TOOL_ENV                         ; Qsys                                                    ; --            ; MySoc_m                         ; --             ;
; IP_TOOL_ENV                         ; Qsys                                                    ; --            ; MySoc_nios                      ; --             ;
; IP_TOOL_ENV                         ; Qsys                                                    ; --            ; MySoc_prt                       ; --             ;
; IP_TOOL_ENV                         ; Qsys                                                    ; --            ; MySoc_ram                       ; --             ;
; IP_TOOL_ENV                         ; Qsys                                                    ; --            ; MySoc_res                       ; --             ;
; IP_TOOL_ENV                         ; Qsys                                                    ; --            ; MySoc_rsp_xbar_demux            ; --             ;
; IP_TOOL_ENV                         ; Qsys                                                    ; --            ; MySoc_rsp_xbar_demux_004        ; --             ;
; IP_TOOL_ENV                         ; Qsys                                                    ; --            ; MySoc_rsp_xbar_mux              ; --             ;
; IP_TOOL_ENV                         ; Qsys                                                    ; --            ; MySoc_rsp_xbar_mux_001          ; --             ;
; IP_TOOL_ENV                         ; Qsys                                                    ; --            ; MySoc_sysid                     ; --             ;
; IP_TOOL_ENV                         ; Qsys                                                    ; --            ; altera_avalon_sc_fifo           ; --             ;
; IP_TOOL_ENV                         ; Qsys                                                    ; --            ; altera_merlin_master_agent      ; --             ;
; IP_TOOL_ENV                         ; Qsys                                                    ; --            ; altera_merlin_master_translator ; --             ;
; IP_TOOL_ENV                         ; Qsys                                                    ; --            ; altera_merlin_slave_agent       ; --             ;
; IP_TOOL_ENV                         ; Qsys                                                    ; --            ; altera_merlin_slave_translator  ; --             ;
; IP_TOOL_ENV                         ; Qsys                                                    ; --            ; altera_reset_controller         ; --             ;
; IP_TOOL_NAME                        ; Qsys                                                    ; --            ; MySoc                           ; --             ;
; IP_TOOL_NAME                        ; altera_merlin_router                                    ; --            ; MySoc_addr_router               ; --             ;
; IP_TOOL_NAME                        ; altera_merlin_router                                    ; --            ; MySoc_addr_router_001           ; --             ;
; IP_TOOL_NAME                        ; altera_merlin_demultiplexer                             ; --            ; MySoc_cmd_xbar_demux            ; --             ;
; IP_TOOL_NAME                        ; altera_merlin_demultiplexer                             ; --            ; MySoc_cmd_xbar_demux_001        ; --             ;
; IP_TOOL_NAME                        ; altera_merlin_multiplexer                               ; --            ; MySoc_cmd_xbar_mux              ; --             ;
; IP_TOOL_NAME                        ; altera_avalon_pio                                       ; --            ; MySoc_go                        ; --             ;
; IP_TOOL_NAME                        ; altera_merlin_router                                    ; --            ; MySoc_id_router                 ; --             ;
; IP_TOOL_NAME                        ; altera_merlin_router                                    ; --            ; MySoc_id_router_004             ; --             ;
; IP_TOOL_NAME                        ; altera_irq_mapper                                       ; --            ; MySoc_irq_mapper                ; --             ;
; IP_TOOL_NAME                        ; altera_avalon_jtag_uart                                 ; --            ; MySoc_jtag                      ; --             ;
; IP_TOOL_NAME                        ; altera_avalon_pio                                       ; --            ; MySoc_m                         ; --             ;
; IP_TOOL_NAME                        ; altera_nios2_qsys                                       ; --            ; MySoc_nios                      ; --             ;
; IP_TOOL_NAME                        ; altera_avalon_pio                                       ; --            ; MySoc_prt                       ; --             ;
; IP_TOOL_NAME                        ; altera_avalon_onchip_memory2                            ; --            ; MySoc_ram                       ; --             ;
; IP_TOOL_NAME                        ; altera_avalon_pio                                       ; --            ; MySoc_res                       ; --             ;
; IP_TOOL_NAME                        ; altera_merlin_demultiplexer                             ; --            ; MySoc_rsp_xbar_demux            ; --             ;
; IP_TOOL_NAME                        ; altera_merlin_demultiplexer                             ; --            ; MySoc_rsp_xbar_demux_004        ; --             ;
; IP_TOOL_NAME                        ; altera_merlin_multiplexer                               ; --            ; MySoc_rsp_xbar_mux              ; --             ;
; IP_TOOL_NAME                        ; altera_merlin_multiplexer                               ; --            ; MySoc_rsp_xbar_mux_001          ; --             ;
; IP_TOOL_NAME                        ; altera_avalon_sysid_qsys                                ; --            ; MySoc_sysid                     ; --             ;
; IP_TOOL_NAME                        ; altera_avalon_sc_fifo                                   ; --            ; altera_avalon_sc_fifo           ; --             ;
; IP_TOOL_NAME                        ; altera_merlin_master_agent                              ; --            ; altera_merlin_master_agent      ; --             ;
; IP_TOOL_NAME                        ; altera_merlin_master_translator                         ; --            ; altera_merlin_master_translator ; --             ;
; IP_TOOL_NAME                        ; altera_merlin_slave_agent                               ; --            ; altera_merlin_slave_agent       ; --             ;
; IP_TOOL_NAME                        ; altera_merlin_slave_translator                          ; --            ; altera_merlin_slave_translator  ; --             ;
; IP_TOOL_NAME                        ; altera_reset_controller                                 ; --            ; altera_reset_controller         ; --             ;
; IP_TOOL_VERSION                     ; 13.0sp1                                                 ; --            ; MySoc                           ; --             ;
; IP_TOOL_VERSION                     ; 13.0                                                    ; --            ; MySoc_addr_router               ; --             ;
; IP_TOOL_VERSION                     ; 13.0                                                    ; --            ; MySoc_addr_router_001           ; --             ;
; IP_TOOL_VERSION                     ; 13.0                                                    ; --            ; MySoc_cmd_xbar_demux            ; --             ;
; IP_TOOL_VERSION                     ; 13.0                                                    ; --            ; MySoc_cmd_xbar_demux_001        ; --             ;
; IP_TOOL_VERSION                     ; 13.0                                                    ; --            ; MySoc_cmd_xbar_mux              ; --             ;
; IP_TOOL_VERSION                     ; 13.0.1.99.2                                             ; --            ; MySoc_go                        ; --             ;
; IP_TOOL_VERSION                     ; 13.0                                                    ; --            ; MySoc_id_router                 ; --             ;
; IP_TOOL_VERSION                     ; 13.0                                                    ; --            ; MySoc_id_router_004             ; --             ;
; IP_TOOL_VERSION                     ; 13.0                                                    ; --            ; MySoc_irq_mapper                ; --             ;
; IP_TOOL_VERSION                     ; 13.0.1.99.2                                             ; --            ; MySoc_jtag                      ; --             ;
; IP_TOOL_VERSION                     ; 13.0.1.99.2                                             ; --            ; MySoc_m                         ; --             ;
; IP_TOOL_VERSION                     ; 13.0                                                    ; --            ; MySoc_nios                      ; --             ;
; IP_TOOL_VERSION                     ; 13.0.1.99.2                                             ; --            ; MySoc_prt                       ; --             ;
; IP_TOOL_VERSION                     ; 13.0.1.99.2                                             ; --            ; MySoc_ram                       ; --             ;
; IP_TOOL_VERSION                     ; 13.0.1.99.2                                             ; --            ; MySoc_res                       ; --             ;
; IP_TOOL_VERSION                     ; 13.0                                                    ; --            ; MySoc_rsp_xbar_demux            ; --             ;
; IP_TOOL_VERSION                     ; 13.0                                                    ; --            ; MySoc_rsp_xbar_demux_004        ; --             ;
; IP_TOOL_VERSION                     ; 13.0                                                    ; --            ; MySoc_rsp_xbar_mux              ; --             ;
; IP_TOOL_VERSION                     ; 13.0                                                    ; --            ; MySoc_rsp_xbar_mux_001          ; --             ;
; IP_TOOL_VERSION                     ; 13.0                                                    ; --            ; MySoc_sysid                     ; --             ;
; IP_TOOL_VERSION                     ; 13.0                                                    ; --            ; altera_avalon_sc_fifo           ; --             ;
; IP_TOOL_VERSION                     ; 13.0                                                    ; --            ; altera_merlin_master_agent      ; --             ;
; IP_TOOL_VERSION                     ; 13.0                                                    ; --            ; altera_merlin_master_translator ; --             ;
; IP_TOOL_VERSION                     ; 13.0                                                    ; --            ; altera_merlin_slave_agent       ; --             ;
; IP_TOOL_VERSION                     ; 13.0                                                    ; --            ; altera_merlin_slave_translator  ; --             ;
; IP_TOOL_VERSION                     ; 13.0                                                    ; --            ; altera_reset_controller         ; --             ;
; MAX_CORE_JUNCTION_TEMP              ; 85                                                      ; --            ; --                              ; --             ;
; MIN_CORE_JUNCTION_TEMP              ; 0                                                       ; --            ; --                              ; --             ;
; MISC_FILE                           ; MySoc/synthesis/../../MySoc.cmp                         ; --            ; --                              ; --             ;
; MISC_FILE                           ; MySoc/synthesis/../../MySoc.qsys                        ; --            ; --                              ; --             ;
; NOMINAL_CORE_SUPPLY_VOLTAGE         ; 1.2V                                                    ; --            ; --                              ; --             ;
; PARTITION_COLOR                     ; 16764057                                                ; --            ; Topo                            ; Top            ;
; PARTITION_FITTER_PRESERVATION_LEVEL ; PLACEMENT_AND_ROUTING                                   ; --            ; Topo                            ; Top            ;
; PARTITION_NETLIST_TYPE              ; SOURCE                                                  ; --            ; Topo                            ; Top            ;
; POWER_BOARD_THERMAL_MODEL           ; None (CONSERVATIVE)                                     ; --            ; --                              ; --             ;
; POWER_PRESET_COOLING_SOLUTION       ; 23 MM HEAT SINK WITH 200 LFPM AIRFLOW                   ; --            ; --                              ; --             ;
; PROJECT_OUTPUT_DIRECTORY            ; output_files                                            ; --            ; --                              ; --             ;
; SLD_INFO                            ; QSYS_NAME MySoc HAS_SOPCINFO 1 GENERATION_ID 1647009701 ; --            ; MySoc                           ; --             ;
; SOPCINFO_FILE                       ; MySoc/synthesis/../../MySoc.sopcinfo                    ; --            ; --                              ; --             ;
; SYNTHESIS_ONLY_QIP                  ; On                                                      ; --            ; --                              ; --             ;
; TOP_LEVEL_ENTITY                    ; Topo                                                    ; multiplicador ; --                              ; --             ;
+-------------------------------------+---------------------------------------------------------+---------------+---------------------------------+----------------+


+-------------------------------------------------------------------------------------------------------------------------------+
; Flow Elapsed Time                                                                                                             ;
+---------------------------+--------------+-------------------------+---------------------+------------------------------------+
; Module Name               ; Elapsed Time ; Average Processors Used ; Peak Virtual Memory ; Total CPU Time (on all processors) ;
+---------------------------+--------------+-------------------------+---------------------+------------------------------------+
; Analysis & Synthesis      ; 00:00:19     ; 1.0                     ; 562 MB              ; 00:00:18                           ;
; Fitter                    ; 00:00:22     ; 1.0                     ; 710 MB              ; 00:00:21                           ;
; Assembler                 ; 00:00:03     ; 1.0                     ; 419 MB              ; 00:00:03                           ;
; TimeQuest Timing Analyzer ; 00:00:07     ; 1.0                     ; 464 MB              ; 00:00:06                           ;
; EDA Netlist Writer        ; 00:00:07     ; 1.0                     ; 401 MB              ; 00:00:06                           ;
; Total                     ; 00:00:58     ; --                      ; --                  ; 00:00:54                           ;
+---------------------------+--------------+-------------------------+---------------------+------------------------------------+


+----------------------------------------------------------------------------------------+
; Flow OS Summary                                                                        ;
+---------------------------+------------------+-----------+------------+----------------+
; Module Name               ; Machine Hostname ; OS Name   ; OS Version ; Processor type ;
+---------------------------+------------------+-----------+------------+----------------+
; Analysis & Synthesis      ; marina-PC        ; Windows 7 ; 6.1        ; x86_64         ;
; Fitter                    ; marina-PC        ; Windows 7 ; 6.1        ; x86_64         ;
; Assembler                 ; marina-PC        ; Windows 7 ; 6.1        ; x86_64         ;
; TimeQuest Timing Analyzer ; marina-PC        ; Windows 7 ; 6.1        ; x86_64         ;
; EDA Netlist Writer        ; marina-PC        ; Windows 7 ; 6.1        ; x86_64         ;
+---------------------------+------------------+-----------+------------+----------------+


------------
; Flow Log ;
------------
quartus_map --read_settings_files=on --write_settings_files=off multiplicador -c multiplicador
quartus_fit --read_settings_files=off --write_settings_files=off multiplicador -c multiplicador
quartus_asm --read_settings_files=off --write_settings_files=off multiplicador -c multiplicador
quartus_sta multiplicador -c multiplicador
quartus_eda --read_settings_files=off --write_settings_files=off multiplicador -c multiplicador



